* using log directory ‘/Users/cjerzak/Documents/lpme-software/lpme.Rcheck’
* using R version 4.5.2 (2025-10-31)
* using platform: aarch64-apple-darwin20
* R was compiled by
    Apple clang version 16.0.0 (clang-1600.0.26.6)
    GNU Fortran (GCC) 14.2.0
* running under: macOS Tahoe 26.2
* using session charset: UTF-8
* using option ‘--as-cran’
* checking for file ‘lpme/DESCRIPTION’ ... OK
* this is package ‘lpme’ version ‘0.1.1’
* package encoding: UTF-8
* checking CRAN incoming feasibility ... WARNING
Maintainer: ‘Connor Jerzak <connor.jerzak@gmail.com>’

New submission

Package was archived on CRAN

Insufficient package version (submitted: 0.1.1, existing: 1.1.3)

CRAN repository db overrides:
  X-CRAN-Comment: Archived on 2024-06-27 as requires archived package
    'decon'.

Found the following (possibly) invalid URLs:
  URL: https://github.com/cjerzak/lpme
    From: DESCRIPTION
    Status: 404
    Message: Not Found
  URL: https://github.com/cjerzak/lpme/issues
    From: DESCRIPTION
    Status: 404
    Message: Not Found
  URL: https://www.electionstudies.org
    From: man/KnowledgeVoteDuty.Rd
    Status: 403
    Message: Forbidden
* checking package namespace information ... OK
* checking package dependencies ... OK
* checking if this is a source package ... OK
* checking if there is a namespace ... OK
* checking for executable files ... OK
* checking for hidden files and directories ... OK
* checking for portable file names ... OK
* checking for sufficient/correct file permissions ... OK
* checking whether package ‘lpme’ can be installed ... OK
* checking installed package size ... OK
* checking package directory ... OK
* checking for future file timestamps ... OK
* checking ‘build’ directory ... OK
* checking DESCRIPTION meta-information ... OK
* checking top-level files ... OK
* checking for left-over files ... OK
* checking index information ... OK
* checking package subdirectories ... OK
* checking code files for non-ASCII characters ... OK
* checking R files for syntax errors ... OK
* checking whether the package can be loaded ... OK
* checking whether the package can be loaded with stated dependencies ... OK
* checking whether the package can be unloaded cleanly ... OK
* checking whether the namespace can be loaded with stated dependencies ... OK
* checking whether the namespace can be unloaded cleanly ... OK
* checking use of S3 registration ... OK
* checking dependencies in R code ... OK
* checking S3 generic/method consistency ... OK
* checking replacement functions ... OK
* checking foreign function calls ... OK
* checking R code for possible problems ... OK
* checking Rd files ... OK
* checking Rd metadata ... OK
* checking Rd line widths ... OK
* checking Rd cross-references ... OK
* checking for missing documentation entries ... OK
* checking for code/documentation mismatches ... OK
* checking Rd \usage sections ... OK
* checking Rd contents ... OK
* checking for unstated dependencies in examples ... OK
* checking contents of ‘data’ directory ... OK
* checking data for non-ASCII characters ... OK
* checking data for ASCII and uncompressed saves ... OK
* checking installed files from ‘inst/doc’ ... OK
* checking files in ‘vignettes’ ... OK
* checking examples ... OK
* checking examples with --run-donttest ... [12s/12s] OK
* checking for unstated dependencies in vignettes ... OK
* checking package vignettes ... OK
* checking re-building of vignette outputs ... [14s/14s] OK
* checking PDF version of manual ... OK
* checking HTML version of manual ... NOTE
Skipping checking HTML validation: 'tidy' doesn't look like recent enough HTML Tidy.
Please obtain a recent version of HTML Tidy by downloading a binary
release or compiling the source code from <https://www.html-tidy.org/>.
* checking for non-standard things in the check directory ... OK
* checking for detritus in the temp directory ... OK
* DONE
Status: 1 WARNING, 1 NOTE
